2014-07-25 11:22:16.684 main EXCEPTION>  loadMerchantP12File :When values are NULL  'jasoneatoncorp  :  current User:null

2014-07-25 11:22:17.258 main TRANSTART> =======================================
2014-07-25 11:22:17.259 main MERCHCFG > merchantID=jasoneatoncorp, keysDirectory=src/test/resources, keyAlias=(null), keyPassword=(null), sendToProduction=false, targetAPIVersion=1.97, keyFilename=(null), serverURL=https://ics2wstest.ic3.com/commerce/1.x/transactionProcessor/, namespaceURI=(null), enableLog=true, logDirectory=., logFilename=(null), logMaximumSize=10, useHttpClient=false, timeout=1000
2014-07-25 11:22:17.262 main REQUEST  > billTo_lastName=xxx
item_1_unitPrice=56.78
billTo_email=noboxxxxxxxxxxxxxx.com
billTo_country=US
billTo_phoneNumber=65xxxxxxxx00
clientEnvironment=Windows 7/6.1/Sun Microsystems Inc./1.6.0_27
clientLibrary=Java Basic
shipTo_street1=10xxxxxxxxxxet
card_expirationYear=xxxx
purchaseTotals_currency=USD
shipTo_country=US
shipTo_city=San Mateo
item_0_unitPrice=12.34
billTo_postalCode=94043
billTo_city=Mountain View
merchant_id=jaxxxxxxxxxxrp
ccAuthService_run=true
billTo_street1=1295xxxxxxxxxxxxRoad
card_accountNumber=4111xxxxxxxx1111
shipTo_lastName=xxx
card_expirationMonth=xx
merchantID=jasoneatoncorp
billTo_state=CA
shipTo_postalCode=94401
clientLibraryVersion=5.1.1
shipTo_firstName=xxxx
merchantReferenceCode=jasoneatoncorp
billTo_ipAddress=10.7.7.7
billTo_firstName=xxxx
shipTo_state=CA

2014-07-25 11:22:17.294 main INFO     > Using HttpURLConnection for connections.
2014-07-25 11:22:38.603 main EXCEPTION> 
ClientException details:
innerException: 
java.net.ConnectException: Connection timed out: connect
	at java.net.PlainSocketImpl.socketConnect(Native Method)
	at java.net.PlainSocketImpl.doConnect(PlainSocketImpl.java:351)
	at java.net.PlainSocketImpl.connectToAddress(PlainSocketImpl.java:213)
	at java.net.PlainSocketImpl.connect(PlainSocketImpl.java:200)
	at java.net.SocksSocketImpl.connect(SocksSocketImpl.java:366)
	at java.net.Socket.connect(Socket.java:529)
	at com.sun.net.ssl.internal.ssl.SSLSocketImpl.connect(SSLSocketImpl.java:559)
	at sun.net.NetworkClient.doConnect(NetworkClient.java:158)
	at sun.net.www.http.HttpClient.openServer(HttpClient.java:395)
	at sun.net.www.http.HttpClient.openServer(HttpClient.java:530)
	at sun.net.www.protocol.https.HttpsClient.<init>(HttpsClient.java:272)
	at sun.net.www.protocol.https.HttpsClient.New(HttpsClient.java:329)
	at sun.net.www.protocol.https.AbstractDelegateHttpsURLConnection.getNewHttpClient(AbstractDelegateHttpsURLConnection.java:172)
	at sun.net.www.protocol.http.HttpURLConnection.plainConnect(HttpURLConnection.java:949)
	at sun.net.www.protocol.https.AbstractDelegateHttpsURLConnection.connect(AbstractDelegateHttpsURLConnection.java:158)
	at sun.net.www.protocol.http.HttpURLConnection.getOutputStream(HttpURLConnection.java:1014)
	at sun.net.www.protocol.https.HttpsURLConnectionImpl.getOutputStream(HttpsURLConnectionImpl.java:230)
	at com.cybersource.ws.client.JDKHttpURLConnection.postDocument(JDKHttpURLConnection.java:64)
	at com.cybersource.ws.client.Connection.post(Connection.java:88)
	at com.cybersource.ws.client.Client.runTransaction(Client.java:118)
	at com.cybersource.ws.client.Client.runTransaction(Client.java:70)
	at com.cybersource.ws.client.ClientTest.testRunTransaction(ClientTest.java:79)
	at sun.reflect.NativeMethodAccessorImpl.invoke0(Native Method)
	at sun.reflect.NativeMethodAccessorImpl.invoke(NativeMethodAccessorImpl.java:39)
	at sun.reflect.DelegatingMethodAccessorImpl.invoke(DelegatingMethodAccessorImpl.java:25)
	at java.lang.reflect.Method.invoke(Method.java:597)
	at org.junit.runners.model.FrameworkMethod$1.runReflectiveCall(FrameworkMethod.java:47)
	at org.junit.internal.runners.model.ReflectiveCallable.run(ReflectiveCallable.java:12)
	at org.junit.runners.model.FrameworkMethod.invokeExplosively(FrameworkMethod.java:44)
	at org.junit.internal.runners.statements.InvokeMethod.evaluate(InvokeMethod.java:17)
	at org.junit.runners.ParentRunner.runLeaf(ParentRunner.java:271)
	at org.junit.runners.BlockJUnit4ClassRunner.runChild(BlockJUnit4ClassRunner.java:70)
	at org.junit.runners.BlockJUnit4ClassRunner.runChild(BlockJUnit4ClassRunner.java:50)
	at org.junit.runners.ParentRunner$3.run(ParentRunner.java:238)
	at org.junit.runners.ParentRunner$1.schedule(ParentRunner.java:63)
	at org.junit.runners.ParentRunner.runChildren(ParentRunner.java:236)
	at org.junit.runners.ParentRunner.access$000(ParentRunner.java:53)
	at org.junit.runners.ParentRunner$2.evaluate(ParentRunner.java:229)
	at org.junit.runners.ParentRunner.run(ParentRunner.java:309)
	at org.apache.maven.surefire.junit4.JUnit4TestSet.execute(JUnit4TestSet.java:35)
	at org.apache.maven.surefire.junit4.JUnit4Provider.executeTestSet(JUnit4Provider.java:115)
	at org.apache.maven.surefire.junit4.JUnit4Provider.invoke(JUnit4Provider.java:97)
	at sun.reflect.NativeMethodAccessorImpl.invoke0(Native Method)
	at sun.reflect.NativeMethodAccessorImpl.invoke(NativeMethodAccessorImpl.java:39)
	at sun.reflect.DelegatingMethodAccessorImpl.invoke(DelegatingMethodAccessorImpl.java:25)
	at java.lang.reflect.Method.invoke(Method.java:597)
	at org.apache.maven.surefire.booter.ProviderFactory$ClassLoaderProxy.invoke(ProviderFactory.java:103)
	at $Proxy0.invoke(Unknown Source)
	at org.apache.maven.surefire.booter.SurefireStarter.invokeProvider(SurefireStarter.java:150)
	at org.apache.maven.surefire.booter.SurefireStarter.runSuitesInProcess(SurefireStarter.java:91)
	at org.apache.maven.surefire.booter.ForkedBooter.main(ForkedBooter.java:69)

2014-07-25 15:30:21.332 main EXCEPTION> SUDHIR TRY alias, 'jasoneatoncorp'
2014-07-25 15:30:21.333 main EXCEPTION> SUDHIR TRY  merchantConfig.getKeysDirectory()'jasoneatoncorp'
2014-07-25 15:30:21.334 main EXCEPTION> SUDHIR TRY 1, merchantConfig.getKeyFilename()'jasoneatoncorp'

2014-07-25 15:30:21.526 main TRANSTART> =======================================
2014-07-25 15:30:21.527 main MERCHCFG > merchantID=jasoneatoncorp, keysDirectory=src/test/resources, keyAlias=(null), keyPassword=(null), sendToProduction=false, targetAPIVersion=1.97, keyFilename=(null), serverURL=https://ics2wstest.ic3.com/commerce/1.x/transactionProcessor/, namespaceURI=(null), enableLog=true, logDirectory=., logFilename=(null), logMaximumSize=10, useHttpClient=false, timeout=1000
2014-07-25 15:30:21.530 main REQUEST  > billTo_lastName=xxx
item_1_unitPrice=56.78
billTo_email=noboxxxxxxxxxxxxxx.com
billTo_country=US
billTo_phoneNumber=65xxxxxxxx00
clientEnvironment=Windows 7/6.1/Sun Microsystems Inc./1.6.0_27
clientLibrary=Java Basic
shipTo_street1=10xxxxxxxxxxet
card_expirationYear=xxxx
purchaseTotals_currency=USD
shipTo_country=US
shipTo_city=San Mateo
item_0_unitPrice=12.34
billTo_postalCode=94043
billTo_city=Mountain View
merchant_id=jaxxxxxxxxxxrp
ccAuthService_run=true
billTo_street1=1295xxxxxxxxxxxxRoad
card_accountNumber=4111xxxxxxxx1111
shipTo_lastName=xxx
card_expirationMonth=xx
merchantID=jasoneatoncorp
billTo_state=CA
shipTo_postalCode=94401
clientLibraryVersion=5.1.1
shipTo_firstName=xxxx
merchantReferenceCode=jasoneatoncorp
billTo_ipAddress=10.7.7.7
billTo_firstName=xxxx
shipTo_state=CA

2014-07-25 15:30:21.534 main EXCEPTION> SUDHIR TRY alias, 'jasoneatoncorp'
2014-07-25 15:30:21.535 main EXCEPTION> SUDHIR TRY  merchantConfig.getKeysDirectory()'jasoneatoncorp'
2014-07-25 15:30:21.535 main EXCEPTION> SUDHIR TRY 1, merchantConfig.getKeyFilename()'jasoneatoncorp'
2014-07-25 15:30:21.562 main INFO     > Using HttpURLConnection for connections.
2014-07-25 15:30:42.885 main EXCEPTION> 
ClientException details:
innerException: 
java.net.ConnectException: Connection timed out: connect
	at java.net.PlainSocketImpl.socketConnect(Native Method)
	at java.net.PlainSocketImpl.doConnect(PlainSocketImpl.java:351)
	at java.net.PlainSocketImpl.connectToAddress(PlainSocketImpl.java:213)
	at java.net.PlainSocketImpl.connect(PlainSocketImpl.java:200)
	at java.net.SocksSocketImpl.connect(SocksSocketImpl.java:366)
	at java.net.Socket.connect(Socket.java:529)
	at com.sun.net.ssl.internal.ssl.SSLSocketImpl.connect(SSLSocketImpl.java:559)
	at sun.net.NetworkClient.doConnect(NetworkClient.java:158)
	at sun.net.www.http.HttpClient.openServer(HttpClient.java:395)
	at sun.net.www.http.HttpClient.openServer(HttpClient.java:530)
	at sun.net.www.protocol.https.HttpsClient.<init>(HttpsClient.java:272)
	at sun.net.www.protocol.https.HttpsClient.New(HttpsClient.java:329)
	at sun.net.www.protocol.https.AbstractDelegateHttpsURLConnection.getNewHttpClient(AbstractDelegateHttpsURLConnection.java:172)
	at sun.net.www.protocol.http.HttpURLConnection.plainConnect(HttpURLConnection.java:949)
	at sun.net.www.protocol.https.AbstractDelegateHttpsURLConnection.connect(AbstractDelegateHttpsURLConnection.java:158)
	at sun.net.www.protocol.http.HttpURLConnection.getOutputStream(HttpURLConnection.java:1014)
	at sun.net.www.protocol.https.HttpsURLConnectionImpl.getOutputStream(HttpsURLConnectionImpl.java:230)
	at com.cybersource.ws.client.JDKHttpURLConnection.postDocument(JDKHttpURLConnection.java:64)
	at com.cybersource.ws.client.Connection.post(Connection.java:88)
	at com.cybersource.ws.client.Client.runTransaction(Client.java:118)
	at com.cybersource.ws.client.Client.runTransaction(Client.java:70)
	at com.cybersource.ws.client.ClientTest.testRunTransaction(ClientTest.java:79)
	at sun.reflect.NativeMethodAccessorImpl.invoke0(Native Method)
	at sun.reflect.NativeMethodAccessorImpl.invoke(NativeMethodAccessorImpl.java:39)
	at sun.reflect.DelegatingMethodAccessorImpl.invoke(DelegatingMethodAccessorImpl.java:25)
	at java.lang.reflect.Method.invoke(Method.java:597)
	at org.junit.runners.model.FrameworkMethod$1.runReflectiveCall(FrameworkMethod.java:47)
	at org.junit.internal.runners.model.ReflectiveCallable.run(ReflectiveCallable.java:12)
	at org.junit.runners.model.FrameworkMethod.invokeExplosively(FrameworkMethod.java:44)
	at org.junit.internal.runners.statements.InvokeMethod.evaluate(InvokeMethod.java:17)
	at org.junit.runners.ParentRunner.runLeaf(ParentRunner.java:271)
	at org.junit.runners.BlockJUnit4ClassRunner.runChild(BlockJUnit4ClassRunner.java:70)
	at org.junit.runners.BlockJUnit4ClassRunner.runChild(BlockJUnit4ClassRunner.java:50)
	at org.junit.runners.ParentRunner$3.run(ParentRunner.java:238)
	at org.junit.runners.ParentRunner$1.schedule(ParentRunner.java:63)
	at org.junit.runners.ParentRunner.runChildren(ParentRunner.java:236)
	at org.junit.runners.ParentRunner.access$000(ParentRunner.java:53)
	at org.junit.runners.ParentRunner$2.evaluate(ParentRunner.java:229)
	at org.junit.runners.ParentRunner.run(ParentRunner.java:309)
	at org.apache.maven.surefire.junit4.JUnit4TestSet.execute(JUnit4TestSet.java:35)
	at org.apache.maven.surefire.junit4.JUnit4Provider.executeTestSet(JUnit4Provider.java:115)
	at org.apache.maven.surefire.junit4.JUnit4Provider.invoke(JUnit4Provider.java:97)
	at sun.reflect.NativeMethodAccessorImpl.invoke0(Native Method)
	at sun.reflect.NativeMethodAccessorImpl.invoke(NativeMethodAccessorImpl.java:39)
	at sun.reflect.DelegatingMethodAccessorImpl.invoke(DelegatingMethodAccessorImpl.java:25)
	at java.lang.reflect.Method.invoke(Method.java:597)
	at org.apache.maven.surefire.booter.ProviderFactory$ClassLoaderProxy.invoke(ProviderFactory.java:103)
	at $Proxy0.invoke(Unknown Source)
	at org.apache.maven.surefire.booter.SurefireStarter.invokeProvider(SurefireStarter.java:150)
	at org.apache.maven.surefire.booter.SurefireStarter.runSuitesInProcess(SurefireStarter.java:91)
	at org.apache.maven.surefire.booter.ForkedBooter.main(ForkedBooter.java:69)

2014-07-25 15:32:03.221 main EXCEPTION> SUDHIR TRY alias, 'jasoneatoncorp'
2014-07-25 15:32:03.222 main EXCEPTION> SUDHIR TRY  merchantConfig.getKeysDirectory()'jasoneatoncorp'
2014-07-25 15:32:03.223 main EXCEPTION> SUDHIR TRY 1, merchantConfig.getKeyFilename()'jasoneatoncorp'

2014-07-25 15:32:03.395 main TRANSTART> =======================================
2014-07-25 15:32:03.396 main MERCHCFG > merchantID=jasoneatoncorp, keysDirectory=src/test/resources, keyAlias=(null), keyPassword=(null), sendToProduction=false, targetAPIVersion=1.97, keyFilename=(null), serverURL=https://ics2wstest.ic3.com/commerce/1.x/transactionProcessor/, namespaceURI=(null), enableLog=true, logDirectory=., logFilename=(null), logMaximumSize=10, useHttpClient=false, timeout=1000
2014-07-25 15:32:03.398 main REQUEST  > billTo_lastName=xxx
item_1_unitPrice=56.78
billTo_email=noboxxxxxxxxxxxxxx.com
billTo_country=US
billTo_phoneNumber=65xxxxxxxx00
clientEnvironment=Windows 7/6.1/Sun Microsystems Inc./1.6.0_27
clientLibrary=Java Basic
shipTo_street1=10xxxxxxxxxxet
card_expirationYear=xxxx
purchaseTotals_currency=USD
shipTo_country=US
shipTo_city=San Mateo
item_0_unitPrice=12.34
billTo_postalCode=94043
billTo_city=Mountain View
merchant_id=jaxxxxxxxxxxrp
ccAuthService_run=true
billTo_street1=1295xxxxxxxxxxxxRoad
card_accountNumber=4111xxxxxxxx1111
shipTo_lastName=xxx
card_expirationMonth=xx
merchantID=jasoneatoncorp
billTo_state=CA
shipTo_postalCode=94401
clientLibraryVersion=5.1.1
shipTo_firstName=xxxx
merchantReferenceCode=jasoneatoncorp
billTo_ipAddress=10.7.7.7
billTo_firstName=xxxx
shipTo_state=CA

2014-07-25 15:32:03.402 main EXCEPTION> SUDHIR TRY alias, 'jasoneatoncorp'
2014-07-25 15:32:03.403 main EXCEPTION> SUDHIR TRY  merchantConfig.getKeysDirectory()'jasoneatoncorp'
2014-07-25 15:32:03.404 main EXCEPTION> SUDHIR TRY 1, merchantConfig.getKeyFilename()'jasoneatoncorp'
2014-07-25 15:32:03.429 main INFO     > Using HttpURLConnection for connections.
2014-07-25 15:32:24.732 main EXCEPTION> 
ClientException details:
innerException: 
java.net.ConnectException: Connection timed out: connect
	at java.net.PlainSocketImpl.socketConnect(Native Method)
	at java.net.PlainSocketImpl.doConnect(PlainSocketImpl.java:351)
	at java.net.PlainSocketImpl.connectToAddress(PlainSocketImpl.java:213)
	at java.net.PlainSocketImpl.connect(PlainSocketImpl.java:200)
	at java.net.SocksSocketImpl.connect(SocksSocketImpl.java:366)
	at java.net.Socket.connect(Socket.java:529)
	at com.sun.net.ssl.internal.ssl.SSLSocketImpl.connect(SSLSocketImpl.java:559)
	at sun.net.NetworkClient.doConnect(NetworkClient.java:158)
	at sun.net.www.http.HttpClient.openServer(HttpClient.java:395)
	at sun.net.www.http.HttpClient.openServer(HttpClient.java:530)
	at sun.net.www.protocol.https.HttpsClient.<init>(HttpsClient.java:272)
	at sun.net.www.protocol.https.HttpsClient.New(HttpsClient.java:329)
	at sun.net.www.protocol.https.AbstractDelegateHttpsURLConnection.getNewHttpClient(AbstractDelegateHttpsURLConnection.java:172)
	at sun.net.www.protocol.http.HttpURLConnection.plainConnect(HttpURLConnection.java:949)
	at sun.net.www.protocol.https.AbstractDelegateHttpsURLConnection.connect(AbstractDelegateHttpsURLConnection.java:158)
	at sun.net.www.protocol.http.HttpURLConnection.getOutputStream(HttpURLConnection.java:1014)
	at sun.net.www.protocol.https.HttpsURLConnectionImpl.getOutputStream(HttpsURLConnectionImpl.java:230)
	at com.cybersource.ws.client.JDKHttpURLConnection.postDocument(JDKHttpURLConnection.java:64)
	at com.cybersource.ws.client.Connection.post(Connection.java:88)
	at com.cybersource.ws.client.Client.runTransaction(Client.java:118)
	at com.cybersource.ws.client.Client.runTransaction(Client.java:70)
	at com.cybersource.ws.client.ClientTest.testRunTransaction(ClientTest.java:79)
	at sun.reflect.NativeMethodAccessorImpl.invoke0(Native Method)
	at sun.reflect.NativeMethodAccessorImpl.invoke(NativeMethodAccessorImpl.java:39)
	at sun.reflect.DelegatingMethodAccessorImpl.invoke(DelegatingMethodAccessorImpl.java:25)
	at java.lang.reflect.Method.invoke(Method.java:597)
	at org.junit.runners.model.FrameworkMethod$1.runReflectiveCall(FrameworkMethod.java:47)
	at org.junit.internal.runners.model.ReflectiveCallable.run(ReflectiveCallable.java:12)
	at org.junit.runners.model.FrameworkMethod.invokeExplosively(FrameworkMethod.java:44)
	at org.junit.internal.runners.statements.InvokeMethod.evaluate(InvokeMethod.java:17)
	at org.junit.runners.ParentRunner.runLeaf(ParentRunner.java:271)
	at org.junit.runners.BlockJUnit4ClassRunner.runChild(BlockJUnit4ClassRunner.java:70)
	at org.junit.runners.BlockJUnit4ClassRunner.runChild(BlockJUnit4ClassRunner.java:50)
	at org.junit.runners.ParentRunner$3.run(ParentRunner.java:238)
	at org.junit.runners.ParentRunner$1.schedule(ParentRunner.java:63)
	at org.junit.runners.ParentRunner.runChildren(ParentRunner.java:236)
	at org.junit.runners.ParentRunner.access$000(ParentRunner.java:53)
	at org.junit.runners.ParentRunner$2.evaluate(ParentRunner.java:229)
	at org.junit.runners.ParentRunner.run(ParentRunner.java:309)
	at org.apache.maven.surefire.junit4.JUnit4TestSet.execute(JUnit4TestSet.java:35)
	at org.apache.maven.surefire.junit4.JUnit4Provider.executeTestSet(JUnit4Provider.java:115)
	at org.apache.maven.surefire.junit4.JUnit4Provider.invoke(JUnit4Provider.java:97)
	at sun.reflect.NativeMethodAccessorImpl.invoke0(Native Method)
	at sun.reflect.NativeMethodAccessorImpl.invoke(NativeMethodAccessorImpl.java:39)
	at sun.reflect.DelegatingMethodAccessorImpl.invoke(DelegatingMethodAccessorImpl.java:25)
	at java.lang.reflect.Method.invoke(Method.java:597)
	at org.apache.maven.surefire.booter.ProviderFactory$ClassLoaderProxy.invoke(ProviderFactory.java:103)
	at $Proxy0.invoke(Unknown Source)
	at org.apache.maven.surefire.booter.SurefireStarter.invokeProvider(SurefireStarter.java:150)
	at org.apache.maven.surefire.booter.SurefireStarter.runSuitesInProcess(SurefireStarter.java:91)
	at org.apache.maven.surefire.booter.ForkedBooter.main(ForkedBooter.java:69)

