2017-01-18 23:03:47.100 main FILESTART> CYBERSOURCE LOG FILE

2017-01-18 23:03:47.115 main TRANSTART> =======================================
2017-01-18 23:03:47.142 main MERCHCFG > merchantID=, keysDirectory=, keyAlias=, keyPassword=, sendToProduction=false, sendToAkamai=true, targetAPIVersion=1.129, keyFilename=(null), serverURL=(null), namespaceURI=(null), enableLog=true, logDirectory=./logs, logFilename=(null), logMaximumSize=10, useHttpClient=false, timeout=1000, useSignAndEncrypted=false
2017-01-18 23:03:47.164 main REQUEST  > 
<?xml version="1.0" encoding="UTF-8" standalone="no"?>
<requestMessage xmlns="urn:schemas-cybersource-com:transaction-data-1.129">
<merchantID/>
<!-- The sample code will replace _NSURI_ with the actual namespace URI. -->
<!-- We will let the XMLClient insert the merchantID.                    -->
	<merchantReferenceCode>your_merchant_reference_code</merchantReferenceCode>
<clientLibrary>Java XML</clientLibrary>
<clientLibraryVersion>6.2.3</clientLibraryVersion>
<clientEnvironment>Mac OS X/10.11.6/Oracle Corporation/1.8.0_74</clientEnvironment>
	<billTo>
		<firstName>xxxx</firstName>
		<lastName>xxx</lastName>
		<street1>1295xxxxxxxxxxxxRoad</street1>
		<city>Mountain View</city>
		<state>CA</state>
		<postalCode>94043</postalCode>
		<country>US</country>
		<phoneNumber>65xxxxxxxx00</phoneNumber>
		<email>noboxxxxxxxxxxxxxx.com</email>
		<ipAddress>10.7.7.7</ipAddress>
	</billTo>
	<shipTo>
		<firstName>xxxx</firstName>
		<lastName>xxx</lastName>
		<street1>10xxxxxxxxxxet</street1>
		<city>San Mateo</city>
		<state>CA</state>
		<postalCode>94401</postalCode>
		<country>US</country>
	</shipTo>
	<item id="0">
		<unitPrice>12.34</unitPrice>
	</item>
	<item id="1">
		<unitPrice>56.78</unitPrice>
	</item>
	<purchaseTotals>
		<currency>USD</currency>
	</purchaseTotals>
	<card>
		<accountNumber>4111xxxxxxxx1111</accountNumber>
		<expirationMonth>xx</expirationMonth>
		<expirationYear>xxxx</expirationYear>
	</card>
	<ccAuthService run="true">
	</ccAuthService>
</requestMessage>

2017-01-18 23:03:47.169 main INFO     > Client, Start of getInstance Call, Timer Start in ms	1484760827169For merchant 
2017-01-18 23:03:47.459 main EXCEPTION> Exception while loading KeyStore, 'null'
2017-01-18 23:03:47.464 main EXCEPTION> 
ClientException details:
innerException: 
com.cybersource.ws.client.ConfigException: The file "/.p12" is missing or is not a file.
	at com.cybersource.ws.client.MerchantConfig.getKeyFile(MerchantConfig.java:314)
	at com.cybersource.ws.client.SignedAndEncryptedMessageHandler.readAndStoreCertificateAndPrivateKey(SignedAndEncryptedMessageHandler.java:101)
	at com.cybersource.ws.client.SignedAndEncryptedMessageHandler.loadMerchantP12File(SignedAndEncryptedMessageHandler.java:78)
	at com.cybersource.ws.client.SignedAndEncryptedMessageHandler.<init>(SignedAndEncryptedMessageHandler.java:55)
	at com.cybersource.ws.client.SignedAndEncryptedMessageHandler.getInstance(SignedAndEncryptedMessageHandler.java:63)
	at com.cybersource.ws.client.XMLClient.soapWrapAndSign(XMLClient.java:368)
	at com.cybersource.ws.client.XMLClient.runTransaction(XMLClient.java:179)
	at com.cybersource.ws.client.XMLClient.runTransaction(XMLClient.java:122)
	at com.cybersource.sample.RunSample.runAuth(RunSample.java:198)
	at com.cybersource.sample.RunSample.main(RunSample.java:39)


2017-01-19 13:07:51.387 main TRANSTART> =======================================
2017-01-19 13:07:51.392 main MERCHCFG > merchantID=, keysDirectory=, keyAlias=, keyPassword=, sendToProduction=false, sendToAkamai=true, targetAPIVersion=1.129, keyFilename=(null), serverURL=(null), namespaceURI=(null), enableLog=true, logDirectory=./logs, logFilename=(null), logMaximumSize=10, useHttpClient=false, timeout=1000, useSignAndEncrypted=false
2017-01-19 13:07:51.395 main PROXYCFG > https.proxyHost=userproxy.visa.com, https.proxyPort=443, https.proxyUser=(null), https.proxyPassword=(null)
2017-01-19 13:07:51.404 main REQUEST  > 
<?xml version="1.0" encoding="UTF-8" standalone="no"?>
<requestMessage xmlns="urn:schemas-cybersource-com:transaction-data-1.129">
<merchantID/>
<!-- The sample code will replace _NSURI_ with the actual namespace URI. -->
<!-- We will let the XMLClient insert the merchantID.                    -->
	<merchantReferenceCode>your_merchant_reference_code</merchantReferenceCode>
<clientLibrary>Java XML</clientLibrary>
<clientLibraryVersion>6.2.3</clientLibraryVersion>
<clientEnvironment>Mac OS X/10.11.6/Oracle Corporation/1.8.0_74</clientEnvironment>
	<billTo>
		<firstName>xxxx</firstName>
		<lastName>xxx</lastName>
		<street1>1295xxxxxxxxxxxxRoad</street1>
		<city>Mountain View</city>
		<state>CA</state>
		<postalCode>94043</postalCode>
		<country>US</country>
		<phoneNumber>65xxxxxxxx00</phoneNumber>
		<email>noboxxxxxxxxxxxxxx.com</email>
		<ipAddress>10.7.7.7</ipAddress>
	</billTo>
	<shipTo>
		<firstName>xxxx</firstName>
		<lastName>xxx</lastName>
		<street1>10xxxxxxxxxxet</street1>
		<city>San Mateo</city>
		<state>CA</state>
		<postalCode>94401</postalCode>
		<country>US</country>
	</shipTo>
	<item id="0">
		<unitPrice>12.34</unitPrice>
	</item>
	<item id="1">
		<unitPrice>56.78</unitPrice>
	</item>
	<purchaseTotals>
		<currency>USD</currency>
	</purchaseTotals>
	<card>
		<accountNumber>4111xxxxxxxx1111</accountNumber>
		<expirationMonth>xx</expirationMonth>
		<expirationYear>xxxx</expirationYear>
	</card>
	<ccAuthService run="true">
	</ccAuthService>
</requestMessage>

2017-01-19 13:07:51.408 main INFO     > Client, Start of getInstance Call, Timer Start in ms	1484811471408For merchant 
2017-01-19 13:07:51.690 main EXCEPTION> Exception while loading KeyStore, 'null'
2017-01-19 13:07:51.695 main EXCEPTION> 
ClientException details:
innerException: 
com.cybersource.ws.client.ConfigException: The file "/.p12" is missing or is not a file.
	at com.cybersource.ws.client.MerchantConfig.getKeyFile(MerchantConfig.java:314)
	at com.cybersource.ws.client.SignedAndEncryptedMessageHandler.readAndStoreCertificateAndPrivateKey(SignedAndEncryptedMessageHandler.java:101)
	at com.cybersource.ws.client.SignedAndEncryptedMessageHandler.loadMerchantP12File(SignedAndEncryptedMessageHandler.java:78)
	at com.cybersource.ws.client.SignedAndEncryptedMessageHandler.<init>(SignedAndEncryptedMessageHandler.java:55)
	at com.cybersource.ws.client.SignedAndEncryptedMessageHandler.getInstance(SignedAndEncryptedMessageHandler.java:63)
	at com.cybersource.ws.client.XMLClient.soapWrapAndSign(XMLClient.java:368)
	at com.cybersource.ws.client.XMLClient.runTransaction(XMLClient.java:179)
	at com.cybersource.ws.client.XMLClient.runTransaction(XMLClient.java:122)
	at com.cybersource.sample.RunSample.runAuth(RunSample.java:198)
	at com.cybersource.sample.RunSample.main(RunSample.java:39)


2017-01-19 17:31:04.394 main TRANSTART> =======================================
2017-01-19 17:31:04.400 main MERCHCFG > merchantID=, keysDirectory=, keyAlias=, keyPassword=, sendToProduction=false, sendToAkamai=true, targetAPIVersion=1.129, keyFilename=(null), serverURL=(null), namespaceURI=(null), enableLog=true, logDirectory=./logs, logFilename=(null), logMaximumSize=10, useHttpClient=false, timeout=1000, useSignAndEncrypted=false
2017-01-19 17:31:04.424 main PROXYCFG > https.proxyHost=userproxy.visa.com, https.proxyPort=443, https.proxyUser=(null), https.proxyPassword=(null)
2017-01-19 17:31:04.435 main REQUEST  > 
<?xml version="1.0" encoding="UTF-8" standalone="no"?>
<requestMessage xmlns="urn:schemas-cybersource-com:transaction-data-1.129">
<merchantID/>
<!-- The sample code will replace _NSURI_ with the actual namespace URI. -->
<!-- We will let the XMLClient insert the merchantID.                    -->
	<merchantReferenceCode>your_merchant_reference_code</merchantReferenceCode>
<clientLibrary>Java XML</clientLibrary>
<clientLibraryVersion>6.2.3</clientLibraryVersion>
<clientEnvironment>Mac OS X/10.11.6/Oracle Corporation/1.8.0_74</clientEnvironment>
	<billTo>
		<firstName>xxxx</firstName>
		<lastName>xxx</lastName>
		<street1>1295xxxxxxxxxxxxRoad</street1>
		<city>Mountain View</city>
		<state>CA</state>
		<postalCode>94043</postalCode>
		<country>US</country>
		<phoneNumber>65xxxxxxxx00</phoneNumber>
		<email>noboxxxxxxxxxxxxxx.com</email>
		<ipAddress>10.7.7.7</ipAddress>
	</billTo>
	<shipTo>
		<firstName>xxxx</firstName>
		<lastName>xxx</lastName>
		<street1>10xxxxxxxxxxet</street1>
		<city>San Mateo</city>
		<state>CA</state>
		<postalCode>94401</postalCode>
		<country>US</country>
	</shipTo>
	<item id="0">
		<unitPrice>12.34</unitPrice>
	</item>
	<item id="1">
		<unitPrice>56.78</unitPrice>
	</item>
	<purchaseTotals>
		<currency>USD</currency>
	</purchaseTotals>
	<card>
		<accountNumber>4111xxxxxxxx1111</accountNumber>
		<expirationMonth>xx</expirationMonth>
		<expirationYear>xxxx</expirationYear>
	</card>
	<ccAuthService run="true">
	</ccAuthService>
</requestMessage>

2017-01-19 17:31:04.442 main INFO     > Client, Start of getInstance Call, Timer Start in ms	1484827264442For merchant 
2017-01-19 17:31:04.695 main EXCEPTION> Exception while loading KeyStore, 'null'
2017-01-19 17:31:04.702 main EXCEPTION> 
ClientException details:
innerException: 
com.cybersource.ws.client.ConfigException: The file "/.p12" is missing or is not a file.
	at com.cybersource.ws.client.MerchantConfig.getKeyFile(MerchantConfig.java:314)
	at com.cybersource.ws.client.SignedAndEncryptedMessageHandler.readAndStoreCertificateAndPrivateKey(SignedAndEncryptedMessageHandler.java:101)
	at com.cybersource.ws.client.SignedAndEncryptedMessageHandler.loadMerchantP12File(SignedAndEncryptedMessageHandler.java:78)
	at com.cybersource.ws.client.SignedAndEncryptedMessageHandler.<init>(SignedAndEncryptedMessageHandler.java:55)
	at com.cybersource.ws.client.SignedAndEncryptedMessageHandler.getInstance(SignedAndEncryptedMessageHandler.java:63)
	at com.cybersource.ws.client.XMLClient.soapWrapAndSign(XMLClient.java:368)
	at com.cybersource.ws.client.XMLClient.runTransaction(XMLClient.java:179)
	at com.cybersource.ws.client.XMLClient.runTransaction(XMLClient.java:122)
	at com.cybersource.sample.RunSample.runAuth(RunSample.java:219)
	at com.cybersource.sample.RunSample.main(RunSample.java:51)

